生成启动时间为 2016/6/23 17:06:24。
     1>项目“c:\Users\yanqi\documents\visual studio 2012\Projects\pos1\pos1\pos1.vcxproj”在节点 2 上(Build 个目标)。
     1>ClCompile:
         C:\Program Files (x86)\Microsoft Visual Studio 11.0\VC\bin\CL.exe /c /Zi /nologo /W3 /WX- /sdl /O2 /Oi /Oy- /GL /D WIN32 /D NDEBUG /D _CONSOLE /D _UNICODE /D UNICODE /Gm- /EHsc /MD /GS /Gy /fp:precise /Zc:wchar_t /Zc:forScope /Yu"stdafx.h" /Fp"Release\pos1.pch" /Fo"Release\\" /Fd"Release\vc110.pdb" /Gd /TP /analyze- /errorReport:prompt pos1.cpp
         pos1.cpp
     1>pos1.cpp(10): error C2653: “Json”: 不是类或命名空间名称
     1>pos1.cpp(10): error C2065: “Value”: 未声明的标识符
     1>pos1.cpp(10): error C2146: 语法错误: 缺少“;”(在标识符“root”的前面)
     1>pos1.cpp(10): error C2065: “root”: 未声明的标识符
     1>已完成生成项目“c:\Users\yanqi\documents\visual studio 2012\Projects\pos1\pos1\pos1.vcxproj”(Build 个目标)的操作 - 失败。

生成失败。

已用时间 00:00:00.49
